backbone params inited by paddle official model
W0410 12:20:06.266032 10668 device_context.cc:447] Please NOTE: device: 0, GPU Compute Capability: 7.0, Driver API Version: 10.1, Runtime API Version: 10.1
W0410 12:20:06.270639 10668 device_context.cc:465] device: 0, cuDNN Version: 7.6.
Epoch 1[16/5011]: loss:0.71410, lr:0.00000, batch time:0.4156, data time:1.6631
Epoch 1[1616/5011]: loss:0.20306, lr:0.00159, batch time:0.3074, data time:0.0003
Epoch 1[3216/5011]: loss:0.11888, lr:0.00318, batch time:0.3077, data time:0.0003
Epoch 1[4816/5011]: loss:0.07016, lr:0.00478, batch time:0.3084, data time:0.0002
Epoch 1 training ends, total 98.49s
Test on Epoch 1
  0%|                                                   | 0/310 [00:00<?, ?it/s]
100%|█████████████████████████████████████████| 310/310 [00:32<00:00,  9.54it/s]
Evaluation
100%|██████████████████████████████████████████| 20/20 [00:00<00:00, 224.92it/s]
mAP: 0.860687
CP: 0.917640, CR: 0.614526, CF1 :0.736100
OP: 0.918866, OR: 0.729930, OF1 0.813573
Epoch 2[16/5011]: loss:0.09553, lr:0.00502, batch time:0.2850, data time:1.7723
Epoch 2[1616/5011]: loss:0.06554, lr:0.00661, batch time:0.3092, data time:0.0003
Epoch 2[3216/5011]: loss:0.06092, lr:0.00820, batch time:0.3093, data time:0.0003
Epoch 2[4816/5011]: loss:0.02767, lr:0.00979, batch time:0.3090, data time:0.0002
Epoch 2 training ends, total 99.17s
Test on Epoch 2
  0%|                                                   | 0/310 [00:00<?, ?it/s]
100%|█████████████████████████████████████████| 310/310 [00:31<00:00, 11.13it/s]
Evaluation
100%|██████████████████████████████████████████| 20/20 [00:00<00:00, 215.88it/s]
mAP: 0.932278
CP: 0.885849, CR: 0.846264, CF1 :0.865604
OP: 0.893331, OR: 0.872950, OF1 0.883023
Epoch 3[16/5011]: loss:0.05004, lr:0.01000, batch time:0.2830, data time:1.4691
Epoch 3[1616/5011]: loss:0.03863, lr:0.01000, batch time:0.3098, data time:0.0002
Epoch 3[3216/5011]: loss:0.04774, lr:0.01000, batch time:0.3094, data time:0.0002
Epoch 3[4816/5011]: loss:0.04330, lr:0.01000, batch time:0.3099, data time:0.0002
Epoch 3 training ends, total 99.05s
Test on Epoch 3
  0%|                                                   | 0/310 [00:00<?, ?it/s]
100%|█████████████████████████████████████████| 310/310 [00:32<00:00,  9.67it/s]
Evaluation
100%|██████████████████████████████████████████| 20/20 [00:00<00:00, 213.42it/s]
mAP: 0.936143
CP: 0.921965, CR: 0.835129, CF1 :0.876401
OP: 0.950407, OR: 0.849850, OF1 0.897320
Epoch 4[16/5011]: loss:0.04834, lr:0.01000, batch time:0.3142, data time:1.5715
Epoch 4[1616/5011]: loss:0.06323, lr:0.01000, batch time:0.3102, data time:0.0002
Epoch 4[3216/5011]: loss:0.03161, lr:0.01000, batch time:0.3101, data time:0.0002
Epoch 4[4816/5011]: loss:0.03104, lr:0.01000, batch time:0.3093, data time:0.0002
Epoch 4 training ends, total 99.18s
Test on Epoch 4
  0%|                                                   | 0/310 [00:00<?, ?it/s]
100%|█████████████████████████████████████████| 310/310 [00:32<00:00,  9.60it/s]
Evaluation
100%|██████████████████████████████████████████| 20/20 [00:00<00:00, 237.29it/s]
mAP: 0.942561
CP: 0.891547, CR: 0.878477, CF1 :0.884964
OP: 0.919523, OR: 0.891202, OF1 0.905141
Epoch 5[16/5011]: loss:0.02024, lr:0.00100, batch time:0.3001, data time:1.3867
Epoch 5[1616/5011]: loss:0.01771, lr:0.00100, batch time:0.3093, data time:0.0002
Epoch 5[3216/5011]: loss:0.05681, lr:0.00100, batch time:0.3096, data time:0.0002
Epoch 5[4816/5011]: loss:0.02012, lr:0.00100, batch time:0.3086, data time:0.0002
Epoch 5 training ends, total 99.06s
Test on Epoch 5
  0%|                                                   | 0/310 [00:00<?, ?it/s]
100%|█████████████████████████████████████████| 310/310 [00:31<00:00,  9.69it/s]
Evaluation
100%|██████████████████████████████████████████| 20/20 [00:00<00:00, 238.47it/s]
mAP: 0.945742
CP: 0.919841, CR: 0.874383, CF1 :0.896536
OP: 0.943803, OR: 0.886069, OF1 0.914025
Epoch 6[16/5011]: loss:0.02198, lr:0.00100, batch time:0.2952, data time:1.4069
Epoch 6[1616/5011]: loss:0.01656, lr:0.00100, batch time:0.3098, data time:0.0002
Epoch 6[3216/5011]: loss:0.04250, lr:0.00100, batch time:0.3113, data time:0.0002
Epoch 6[4816/5011]: loss:0.01518, lr:0.00100, batch time:0.3103, data time:0.0002
Epoch 6 training ends, total 99.03s
Test on Epoch 6
  0%|                                                   | 0/310 [00:00<?, ?it/s]
100%|█████████████████████████████████████████| 310/310 [00:31<00:00, 11.14it/s]
Evaluation
100%|██████████████████████████████████████████| 20/20 [00:00<00:00, 231.33it/s]
mAP: 0.945821
CP: 0.927249, CR: 0.868298, CF1 :0.896806
OP: 0.949702, OR: 0.885784, OF1 0.916630
Epoch 7[16/5011]: loss:0.02347, lr:0.00100, batch time:0.2927, data time:1.6780
Epoch 7[1616/5011]: loss:0.02561, lr:0.00100, batch time:0.3098, data time:0.0002
Epoch 7[3216/5011]: loss:0.01856, lr:0.00100, batch time:0.3106, data time:0.0003
Epoch 7[4816/5011]: loss:0.01291, lr:0.00100, batch time:0.3094, data time:0.0002
Epoch 7 training ends, total 99.21s
Test on Epoch 7
  0%|                                                   | 0/310 [00:00<?, ?it/s]
100%|█████████████████████████████████████████| 310/310 [00:31<00:00, 11.15it/s]
Evaluation
100%|██████████████████████████████████████████| 20/20 [00:00<00:00, 242.56it/s]
mAP: 0.946189
CP: 0.915154, CR: 0.877877, CF1 :0.896128
OP: 0.940310, OR: 0.891772, OF1 0.915398
Epoch 8[16/5011]: loss:0.04625, lr:0.00100, batch time:0.2297, data time:1.5703
Epoch 8[1616/5011]: loss:0.04178, lr:0.00100, batch time:0.3100, data time:0.0002
Epoch 8[3216/5011]: loss:0.02499, lr:0.00100, batch time:0.3107, data time:0.0002
Epoch 8[4816/5011]: loss:0.03918, lr:0.00100, batch time:0.3103, data time:0.0002
Epoch 8 training ends, total 99.18s
Test on Epoch 8
  0%|                                                   | 0/310 [00:00<?, ?it/s]
100%|█████████████████████████████████████████| 310/310 [00:32<00:00, 11.12it/s]
Evaluation
100%|██████████████████████████████████████████| 20/20 [00:00<00:00, 233.23it/s]
mAP: 0.946378
CP: 0.919196, CR: 0.872522, CF1 :0.895251
OP: 0.942927, OR: 0.885784, OF1 0.913462
Epoch 9[16/5011]: loss:0.02862, lr:0.00010, batch time:0.2920, data time:1.4977
Epoch 9[1616/5011]: loss:0.01481, lr:0.00010, batch time:0.3105, data time:0.0002
Epoch 9[3216/5011]: loss:0.03593, lr:0.00010, batch time:0.3105, data time:0.0002
Epoch 9[4816/5011]: loss:0.03667, lr:0.00010, batch time:0.3097, data time:0.0002
Epoch 9 training ends, total 99.13s
Test on Epoch 9
  0%|                                                   | 0/310 [00:00<?, ?it/s]
100%|█████████████████████████████████████████| 310/310 [00:32<00:00,  9.65it/s]
Evaluation
100%|██████████████████████████████████████████| 20/20 [00:00<00:00, 227.45it/s]
mAP: 0.946473
CP: 0.915969, CR: 0.878888, CF1 :0.897045
OP: 0.940655, OR: 0.892771, OF1 0.916087
Epoch 10[16/5011]: loss:0.03178, lr:0.00010, batch time:0.3245, data time:1.5395
Epoch 10[1616/5011]: loss:0.01680, lr:0.00010, batch time:0.3097, data time:0.0002
Epoch 10[3216/5011]: loss:0.01679, lr:0.00010, batch time:0.3104, data time:0.0002
Epoch 10[4816/5011]: loss:0.01704, lr:0.00010, batch time:0.3104, data time:0.0001
Epoch 10 training ends, total 99.25s
Test on Epoch 10
  0%|                                                   | 0/310 [00:00<?, ?it/s]
100%|█████████████████████████████████████████| 310/310 [00:31<00:00,  9.69it/s]
Evaluation
100%|██████████████████████████████████████████| 20/20 [00:00<00:00, 229.58it/s]
mAP: 0.946658
CP: 0.916945, CR: 0.878706, CF1 :0.897418
OP: 0.940294, OR: 0.893769, OF1 0.916441
Epoch 11[16/5011]: loss:0.01621, lr:0.00010, batch time:0.2856, data time:1.3948
Epoch 11[1616/5011]: loss:0.01529, lr:0.00010, batch time:0.3106, data time:0.0002
Epoch 11[3216/5011]: loss:0.02822, lr:0.00010, batch time:0.3106, data time:0.0002
Epoch 11[4816/5011]: loss:0.01845, lr:0.00010, batch time:0.3095, data time:0.0002
Epoch 11 training ends, total 99.09s
Test on Epoch 11
  0%|                                                   | 0/310 [00:00<?, ?it/s]
100%|█████████████████████████████████████████| 310/310 [00:31<00:00, 11.12it/s]
Evaluation
100%|██████████████████████████████████████████| 20/20 [00:00<00:00, 188.52it/s]
mAP: 0.946971
CP: 0.922363, CR: 0.876188, CF1 :0.898682
OP: 0.943647, OR: 0.890632, OF1 0.916373
Epoch 12[16/5011]: loss:0.01523, lr:0.00010, batch time:0.2934, data time:1.3433
Epoch 12[1616/5011]: loss:0.04211, lr:0.00010, batch time:0.3103, data time:0.0002
Epoch 12[3216/5011]: loss:0.01038, lr:0.00010, batch time:0.3101, data time:0.0002
Epoch 12[4816/5011]: loss:0.02473, lr:0.00010, batch time:0.3102, data time:0.0002
Epoch 12 training ends, total 99.02s
Test on Epoch 12
  0%|                                                   | 0/310 [00:00<?, ?it/s]
100%|█████████████████████████████████████████| 310/310 [00:31<00:00, 11.13it/s]
Evaluation
100%|██████████████████████████████████████████| 20/20 [00:00<00:00, 243.59it/s]
mAP: 0.946331
CP: 0.924630, CR: 0.873821, CF1 :0.898508
OP: 0.946713, OR: 0.889206, OF1 0.917059
Epoch 13[16/5011]: loss:0.01653, lr:0.00001, batch time:0.2823, data time:1.6208
Epoch 13[1616/5011]: loss:0.01705, lr:0.00001, batch time:0.3098, data time:0.0003
Epoch 13[3216/5011]: loss:0.01281, lr:0.00001, batch time:0.3100, data time:0.0002
Epoch 13[4816/5011]: loss:0.00892, lr:0.00001, batch time:0.3101, data time:0.0002
Epoch 13 training ends, total 99.19s
Test on Epoch 13
  0%|                                                   | 0/310 [00:00<?, ?it/s]
100%|█████████████████████████████████████████| 310/310 [00:31<00:00, 11.11it/s]
Evaluation
100%|██████████████████████████████████████████| 20/20 [00:00<00:00, 228.64it/s]
mAP: 0.946677
CP: 0.918117, CR: 0.879729, CF1 :0.898513
OP: 0.942965, OR: 0.888778, OF1 0.915070
Epoch 14[16/5011]: loss:0.02221, lr:0.00001, batch time:0.2877, data time:1.6751
Epoch 14[1616/5011]: loss:0.01523, lr:0.00001, batch time:0.3093, data time:0.0002
Epoch 14[3216/5011]: loss:0.01648, lr:0.00001, batch time:0.3104, data time:0.0003
Epoch 14[4816/5011]: loss:0.02858, lr:0.00001, batch time:0.3103, data time:0.0002
Epoch 14 training ends, total 99.34s
Test on Epoch 14
  0%|                                                   | 0/310 [00:00<?, ?it/s]
100%|█████████████████████████████████████████| 310/310 [00:31<00:00, 11.08it/s]
Evaluation
100%|██████████████████████████████████████████| 20/20 [00:00<00:00, 174.77it/s]
mAP: 0.946542
CP: 0.925778, CR: 0.871862, CF1 :0.898011
OP: 0.947184, OR: 0.884785, OF1 0.914922
Epoch 15[16/5011]: loss:0.02265, lr:0.00001, batch time:0.2822, data time:1.3363
Epoch 15[1616/5011]: loss:0.03109, lr:0.00001, batch time:0.3105, data time:0.0002
Epoch 15[3216/5011]: loss:0.04151, lr:0.00001, batch time:0.3112, data time:0.0003
Epoch 15[4816/5011]: loss:0.02881, lr:0.00001, batch time:0.3101, data time:0.0002
Epoch 15 training ends, total 99.03s
Test on Epoch 15
  0%|                                                   | 0/310 [00:00<?, ?it/s]
100%|█████████████████████████████████████████| 310/310 [00:31<00:00,  9.72it/s]
Evaluation
100%|██████████████████████████████████████████| 20/20 [00:00<00:00, 200.68it/s]
mAP: 0.946314
CP: 0.919219, CR: 0.877548, CF1 :0.897901
OP: 0.943300, OR: 0.894339, OF1 0.918167
Epoch 16[16/5011]: loss:0.01271, lr:0.00001, batch time:0.3371, data time:1.6089
Epoch 16[1616/5011]: loss:0.02815, lr:0.00001, batch time:0.3099, data time:0.0003
Epoch 16[3216/5011]: loss:0.02200, lr:0.00001, batch time:0.3116, data time:0.0002
Epoch 16[4816/5011]: loss:0.02946, lr:0.00001, batch time:0.3104, data time:0.0002
Epoch 16 training ends, total 99.26s
Test on Epoch 16
  0%|                                                   | 0/310 [00:00<?, ?it/s]
100%|█████████████████████████████████████████| 310/310 [00:32<00:00,  9.64it/s]
Evaluation
100%|██████████████████████████████████████████| 20/20 [00:00<00:00, 220.07it/s]
mAP: 0.946221
CP: 0.922999, CR: 0.874409, CF1 :0.898047
OP: 0.945831, OR: 0.891345, OF1 0.917780
Epoch 17[16/5011]: loss:0.03309, lr:0.00000, batch time:0.2950, data time:1.3996
Epoch 17[1616/5011]: loss:0.02288, lr:0.00000, batch time:0.3107, data time:0.0002
Epoch 17[3216/5011]: loss:0.01860, lr:0.00000, batch time:0.3100, data time:0.0003
Epoch 17[4816/5011]: loss:0.01951, lr:0.00000, batch time:0.3100, data time:0.0002
Epoch 17 training ends, total 99.10s
Test on Epoch 17
  0%|                                                   | 0/310 [00:00<?, ?it/s]
100%|█████████████████████████████████████████| 310/310 [00:32<00:00, 11.13it/s]
Evaluation
100%|██████████████████████████████████████████| 20/20 [00:00<00:00, 235.42it/s]
mAP: 0.946386
CP: 0.917476, CR: 0.876569, CF1 :0.896556
OP: 0.943487, OR: 0.890346, OF1 0.916147
Epoch 18[16/5011]: loss:0.01239, lr:0.00000, batch time:0.2805, data time:1.4010
Epoch 18[1616/5011]: loss:0.01980, lr:0.00000, batch time:0.3105, data time:0.0002
Epoch 19[4816/5011]: loss:0.02208, lr:0.00000, batch time:0.3084, data time:0.0001
Epoch 19 training ends, total 99.00s
Test on Epoch 19
  0%|                                                   | 0/310 [00:00<?, ?it/s]
100%|█████████████████████████████████████████| 310/310 [00:31<00:00, 11.14it/s]
Evaluation
100%|██████████████████████████████████████████| 20/20 [00:00<00:00, 237.02it/s]
mAP: 0.946379
CP: 0.926997, CR: 0.870177, CF1 :0.897689
OP: 0.950598, OR: 0.883502, OF1 0.915823
Epoch 20[16/5011]: loss:0.02674, lr:0.00000, batch time:0.3886, data time:1.4757
Epoch 20[1616/5011]: loss:0.02108, lr:0.00000, batch time:0.3109, data time:0.0003
Epoch 20[3216/5011]: loss:0.01973, lr:0.00000, batch time:0.3104, data time:0.0002
Epoch 20[4816/5011]: loss:0.02657, lr:0.00000, batch time:0.3095, data time:0.0002
Epoch 20 training ends, total 99.19s
Test on Epoch 20
  0%|                                                   | 0/310 [00:00<?, ?it/s]
100%|█████████████████████████████████████████| 310/310 [00:31<00:00, 11.07it/s]
Evaluation
100%|██████████████████████████████████████████| 20/20 [00:00<00:00, 238.83it/s]
mAP: 0.946502
CP: 0.919059, CR: 0.875158, CF1 :0.896572
OP: 0.942758, OR: 0.890061, OF1 0.915652
Epoch 21[16/5011]: loss:0.01963, lr:0.00000, batch time:0.2882, data time:1.4915
Epoch 21[1616/5011]: loss:0.02309, lr:0.00000, batch time:0.3114, data time:0.0002
Epoch 21[3216/5011]: loss:0.01431, lr:0.00000, batch time:0.3112, data time:0.0002
Epoch 21[4816/5011]: loss:0.02225, lr:0.00000, batch time:0.3103, data time:0.0001
Epoch 21 training ends, total 99.19s
Test on Epoch 21
  0%|                                                   | 0/310 [00:00<?, ?it/s]
100%|█████████████████████████████████████████| 310/310 [00:32<00:00,  9.63it/s]
Evaluation
100%|██████████████████████████████████████████| 20/20 [00:00<00:00, 232.45it/s]
mAP: 0.946548
CP: 0.920048, CR: 0.879512, CF1 :0.899323
OP: 0.942299, OR: 0.894196, OF1 0.917618
Epoch 22[16/5011]: loss:0.01909, lr:0.00000, batch time:0.2809, data time:1.6948
Epoch 22[1616/5011]: loss:0.00837, lr:0.00000, batch time:0.3096, data time:0.0003
Epoch 22[3216/5011]: loss:0.01985, lr:0.00000, batch time:0.3101, data time:0.0003
Epoch 22[4816/5011]: loss:0.01143, lr:0.00000, batch time:0.3116, data time:0.0002
Epoch 22 training ends, total 99.30s
Test on Epoch 22
  0%|                                                   | 0/310 [00:00<?, ?it/s]
100%|█████████████████████████████████████████| 310/310 [00:31<00:00, 11.08it/s]
Evaluation
100%|██████████████████████████████████████████| 20/20 [00:00<00:00, 180.77it/s]
mAP: 0.946222
CP: 0.916123, CR: 0.877071, CF1 :0.896172
OP: 0.939226, OR: 0.892485, OF1 0.915259
Epoch 23[16/5011]: loss:0.02256, lr:0.00000, batch time:0.3911, data time:1.5097
Epoch 23[1616/5011]: loss:0.02157, lr:0.00000, batch time:0.3096, data time:0.0002
Epoch 23[3216/5011]: loss:0.01245, lr:0.00000, batch time:0.3107, data time:0.0002
Epoch 23[4816/5011]: loss:0.01536, lr:0.00000, batch time:0.3097, data time:0.0002
Epoch 23 training ends, total 99.23s
Test on Epoch 23
  0%|                                                   | 0/310 [00:00<?, ?it/s]
100%|█████████████████████████████████████████| 310/310 [00:31<00:00, 11.12it/s]
Evaluation
100%|██████████████████████████████████████████| 20/20 [00:00<00:00, 229.56it/s]
mAP: 0.946011
CP: 0.921911, CR: 0.872015, CF1 :0.896269
OP: 0.945043, OR: 0.887637, OF1 0.915441
Epoch 24[16/5011]: loss:0.01993, lr:0.00000, batch time:0.2948, data time:1.6255
Epoch 24[1616/5011]: loss:0.01031, lr:0.00000, batch time:0.3101, data time:0.0002
Epoch 24[3216/5011]: loss:0.03025, lr:0.00000, batch time:0.3104, data time:0.0002
Epoch 24[4816/5011]: loss:0.02351, lr:0.00000, batch time:0.3106, data time:0.0002
Epoch 24 training ends, total 99.41s
Test on Epoch 24
  0%|                                                   | 0/310 [00:00<?, ?it/s]
100%|█████████████████████████████████████████| 310/310 [00:32<00:00,  9.67it/s]
Evaluation
100%|██████████████████████████████████████████| 20/20 [00:00<00:00, 240.05it/s]
mAP: 0.946489
CP: 0.920437, CR: 0.871288, CF1 :0.895188
OP: 0.944664, OR: 0.886069, OF1 0.914429
Epoch 25[16/5011]: loss:0.02794, lr:0.00000, batch time:0.2846, data time:1.4164
Epoch 25[1616/5011]: loss:0.02224, lr:0.00000, batch time:0.3113, data time:0.0003
Epoch 25[3216/5011]: loss:0.01888, lr:0.00000, batch time:0.3108, data time:0.0002
Epoch 25[4816/5011]: loss:0.01017, lr:0.00000, batch time:0.3105, data time:0.0002
Epoch 25 training ends, total 99.13s
Test on Epoch 25
  0%|                                                   | 0/310 [00:00<?, ?it/s]
100%|█████████████████████████████████████████| 310/310 [00:32<00:00, 11.13it/s]
Evaluation
100%|██████████████████████████████████████████| 20/20 [00:00<00:00, 233.38it/s]
mAP: 0.946643
CP: 0.926599, CR: 0.871367, CF1 :0.898135
OP: 0.948855, OR: 0.886211, OF1 0.916464
Epoch 26[16/5011]: loss:0.03613, lr:0.00000, batch time:0.2892, data time:1.6832
Epoch 26[1616/5011]: loss:0.02397, lr:0.00000, batch time:0.3102, data time:0.0002
Epoch 26[3216/5011]: loss:0.01827, lr:0.00000, batch time:0.3106, data time:0.0002
Epoch 26[4816/5011]: loss:0.02291, lr:0.00000, batch time:0.3101, data time:0.0001
Epoch 26 training ends, total 99.47s
Test on Epoch 26
  0%|                                                   | 0/310 [00:00<?, ?it/s]
100%|█████████████████████████████████████████| 310/310 [00:32<00:00,  9.60it/s]
Evaluation
100%|██████████████████████████████████████████| 20/20 [00:00<00:00, 231.99it/s]
mAP: 0.946734
CP: 0.925352, CR: 0.873797, CF1 :0.898836
OP: 0.948628, OR: 0.887352, OF1 0.916968
Epoch 27[16/5011]: loss:0.02712, lr:0.00000, batch time:0.2873, data time:1.3895
Epoch 27[1616/5011]: loss:0.01185, lr:0.00000, batch time:0.3101, data time:0.0002
Epoch 27[3216/5011]: loss:0.03436, lr:0.00000, batch time:0.3113, data time:0.0002
Epoch 27[4816/5011]: loss:0.01912, lr:0.00000, batch time:0.3103, data time:0.0002
Epoch 27 training ends, total 99.17s
Test on Epoch 27
  0%|                                                   | 0/310 [00:00<?, ?it/s]
100%|█████████████████████████████████████████| 310/310 [00:31<00:00,  9.72it/s]
Evaluation
100%|██████████████████████████████████████████| 20/20 [00:00<00:00, 179.80it/s]
mAP: 0.946388
CP: 0.920192, CR: 0.872623, CF1 :0.895777
OP: 0.945667, OR: 0.888493, OF1 0.916189
Epoch 28[16/5011]: loss:0.01721, lr:0.00000, batch time:0.3007, data time:1.7166
Epoch 28[1616/5011]: loss:0.02173, lr:0.00000, batch time:0.3099, data time:0.0002
Epoch 28[3216/5011]: loss:0.02630, lr:0.00000, batch time:0.3116, data time:0.0002
Epoch 28[4816/5011]: loss:0.02138, lr:0.00000, batch time:0.3095, data time:0.0002
Epoch 28 training ends, total 99.35s
Test on Epoch 28
  0%|                                                   | 0/310 [00:00<?, ?it/s]
100%|█████████████████████████████████████████| 310/310 [00:31<00:00, 11.13it/s]
Evaluation
100%|██████████████████████████████████████████| 20/20 [00:00<00:00, 240.92it/s]
mAP: 0.946222
CP: 0.920710, CR: 0.874126, CF1 :0.896813
OP: 0.944352, OR: 0.888065, OF1 0.915344
Epoch 29[16/5011]: loss:0.01850, lr:0.00000, batch time:0.2892, data time:1.4147
Epoch 29[1616/5011]: loss:0.02431, lr:0.00000, batch time:0.3103, data time:0.0003
Epoch 29[3216/5011]: loss:0.03051, lr:0.00000, batch time:0.3111, data time:0.0002
Epoch 29[4816/5011]: loss:0.01426, lr:0.00000, batch time:0.3100, data time:0.0002
Epoch 29 training ends, total 99.21s
Test on Epoch 29
  0%|                                                   | 0/310 [00:00<?, ?it/s]
100%|█████████████████████████████████████████| 310/310 [00:31<00:00, 11.12it/s]
Evaluation
100%|██████████████████████████████████████████| 20/20 [00:00<00:00, 185.51it/s]
mAP: 0.946404
CP: 0.923116, CR: 0.872109, CF1 :0.896888
OP: 0.947159, OR: 0.884358, OF1 0.914682
Epoch 30[16/5011]: loss:0.01815, lr:0.00000, batch time:0.2796, data time:1.5488
Epoch 30[1616/5011]: loss:0.01350, lr:0.00000, batch time:0.3103, data time:0.0003
Epoch 30[3216/5011]: loss:0.02710, lr:0.00000, batch time:0.3112, data time:0.0003
Epoch 30[4816/5011]: loss:0.01737, lr:0.00000, batch time:0.3103, data time:0.0002
Epoch 30 training ends, total 99.33s
Test on Epoch 30
  0%|                                                   | 0/310 [00:00<?, ?it/s]
100%|█████████████████████████████████████████| 310/310 [00:31<00:00,  9.69it/s]
Evaluation
100%|██████████████████████████████████████████| 20/20 [00:00<00:00, 176.09it/s]
mAP: 0.946737
CP: 0.921496, CR: 0.869932, CF1 :0.894972
OP: 0.944007, OR: 0.889491, OF1 0.915939
